<?xml version="1.0" encoding="UTF-8"?>
<coverage generated="1700666645967" clover="3.2.0">
  <project timestamp="1700666645967" name="All files">
    <metrics statements="2" coveredstatements="2" conditionals="2" coveredconditionals="2" methods="2" coveredmethods="2" elements="6" coveredelements="6" complexity="0" loc="2" ncloc="2" packages="1" files="1" classes="1"/>
    <file name="app.js" path="/Users/anton/Desktop/netology/ajs-homeworks/Destructuring/src/js/app.js">
      <metrics statements="2" coveredstatements="2" conditionals="2" coveredconditionals="2" methods="2" coveredmethods="2"/>
      <line num="5" count="1" type="stmt"/>
      <line num="8" count="2" type="stmt"/>
    </file>
  </project>
</coverage>
