{"/Users/anton/Desktop/netology/ajs-homeworks/Destructuring/src/js/app.js": {"path":"/Users/anton/Desktop/netology/ajs-homeworks/Destructuring/src/js/app.js","statementMap":{"0":{"start":{"line":5,"column":24},"end":{"line":5,"column":33}},"1":{"start":{"line":8,"column":4},"end":{"line":13,"column":8}},"2":{"start":{"line":8,"column":61},"end":{"line":13,"column":5}}},"fnMap":{"0":{"name":"extractSpecialAttacks","decl":{"start":{"line":3,"column":16},"end":{"line":3,"column":37}},"loc":{"start":{"line":3,"column":49},"end":{"line":15,"column":3}},"line":3},"1":{"name":"(anonymous_1)","decl":{"start":{"line":8,"column":23},"end":{"line":8,"column":24}},"loc":{"start":{"line":8,"column":61},"end":{"line":13,"column":5}},"line":8}},"branchMap":{"0":{"loc":{"start":{"line":11,"column":19},"end":{"line":11,"column":55}},"type":"binary-expr","locations":[{"start":{"line":11,"column":19},"end":{"line":11,"column":30}},{"start":{"line":11,"column":34},"end":{"line":11,"column":55}}],"line":11}},"s":{"0":1,"1":1,"2":2},"f":{"0":1,"1":2},"b":{"0":[2,1]},"_coverageSchema":"1a1c01bbd47fc00a2c39e90264f33305004495a9","hash":"1685d34c7c36be24470c81d50d2235d33f06dce0"}
}
